<?xml version="1.0" encoding="UTF-8"?>
<testsuite xmlns:xsi="http://www.w3.org/2001/XMLSchema-instance" xsi:noNamespaceSchemaLocation="https://maven.apache.org/surefire/maven-surefire-plugin/xsd/surefire-test-report.xsd" name="com.gestiondatos.AppTest" time="0.027" tests="1" errors="0" skipped="0" failures="0">
  <properties>
    <property name="gopherProxySet" value="false"/>
    <property name="awt.toolkit" value="sun.lwawt.macosx.LWCToolkit"/>
    <property name="file.encoding.pkg" value="sun.io"/>
    <property name="java.specification.version" value="1.8"/>
    <property name="sun.cpu.isalist" value=""/>
    <property name="sun.jnu.encoding" value="UTF-8"/>
    <property name="java.class.path" value="/Users/lgianotti/Desktop/gesoc/target/test-classes:/Users/lgianotti/Desktop/gesoc/target/classes:/Users/lgianotti/.m2/repository/junit/junit/4.11/junit-4.11.jar:/Users/lgianotti/.m2/repository/org/hamcrest/hamcrest-core/1.3/hamcrest-core-1.3.jar:/Users/lgianotti/.m2/repository/org/mockito/mockito-all/1.9.5/mockito-all-1.9.5.jar:"/>
    <property name="java.vm.vendor" value="Amazon.com Inc."/>
    <property name="sun.arch.data.model" value="64"/>
    <property name="java.vendor.url" value="https://aws.amazon.com/corretto/"/>
    <property name="user.timezone" value=""/>
    <property name="java.vm.specification.version" value="1.8"/>
    <property name="os.name" value="Mac OS X"/>
    <property name="user.country" value="AR"/>
    <property name="sun.java.launcher" value="SUN_STANDARD"/>
    <property name="sun.boot.library.path" value="/Users/lgianotti/.sdkman/candidates/java/8.0.212-amzn/jre/lib"/>
    <property name="sun.java.command" value="/Users/lgianotti/Desktop/gesoc/target/surefire/surefirebooter1131740239975870752.jar /Users/lgianotti/Desktop/gesoc/target/surefire 2020-03-31T18-49-14_604-jvmRun1 surefire9055441638684872787tmp surefire_05915747797919605100tmp"/>
    <property name="http.nonProxyHosts" value="local|*.local|169.254/16|*.169.254/16"/>
    <property name="surefire.test.class.path" value="/Users/lgianotti/Desktop/gesoc/target/test-classes:/Users/lgianotti/Desktop/gesoc/target/classes:/Users/lgianotti/.m2/repository/junit/junit/4.11/junit-4.11.jar:/Users/lgianotti/.m2/repository/org/hamcrest/hamcrest-core/1.3/hamcrest-core-1.3.jar:/Users/lgianotti/.m2/repository/org/mockito/mockito-all/1.9.5/mockito-all-1.9.5.jar:"/>
    <property name="sun.cpu.endian" value="little"/>
    <property name="user.home" value="/Users/lgianotti"/>
    <property name="user.language" value="es"/>
    <property name="java.specification.vendor" value="Oracle Corporation"/>
    <property name="java.home" value="/Users/lgianotti/.sdkman/candidates/java/8.0.212-amzn/jre"/>
    <property name="basedir" value="/Users/lgianotti/Desktop/gesoc"/>
    <property name="file.separator" value="/"/>
    <property name="line.separator" value="&#10;"/>
    <property name="java.vm.specification.vendor" value="Oracle Corporation"/>
    <property name="java.specification.name" value="Java Platform API Specification"/>
    <property name="java.awt.graphicsenv" value="sun.awt.CGraphicsEnvironment"/>
    <property name="surefire.real.class.path" value="/Users/lgianotti/Desktop/gesoc/target/surefire/surefirebooter1131740239975870752.jar"/>
    <property name="sun.boot.class.path" value="/Users/lgianotti/.sdkman/candidates/java/8.0.212-amzn/jre/lib/resources.jar:/Users/lgianotti/.sdkman/candidates/java/8.0.212-amzn/jre/lib/rt.jar:/Users/lgianotti/.sdkman/candidates/java/8.0.212-amzn/jre/lib/sunrsasign.jar:/Users/lgianotti/.sdkman/candidates/java/8.0.212-amzn/jre/lib/jsse.jar:/Users/lgianotti/.sdkman/candidates/java/8.0.212-amzn/jre/lib/jce.jar:/Users/lgianotti/.sdkman/candidates/java/8.0.212-amzn/jre/lib/charsets.jar:/Users/lgianotti/.sdkman/candidates/java/8.0.212-amzn/jre/lib/jfr.jar:/Users/lgianotti/.sdkman/candidates/java/8.0.212-amzn/jre/classes"/>
    <property name="sun.management.compiler" value="HotSpot 64-Bit Tiered Compilers"/>
    <property name="ftp.nonProxyHosts" value="local|*.local|169.254/16|*.169.254/16"/>
    <property name="java.runtime.version" value="1.8.0_212-b04"/>
    <property name="user.name" value="lgianotti"/>
    <property name="path.separator" value=":"/>
    <property name="os.version" value="10.15.3"/>
    <property name="java.endorsed.dirs" value="/Users/lgianotti/.sdkman/candidates/java/8.0.212-amzn/jre/lib/endorsed"/>
    <property name="java.runtime.name" value="OpenJDK Runtime Environment"/>
    <property name="file.encoding" value="US-ASCII"/>
    <property name="java.vm.name" value="OpenJDK 64-Bit Server VM"/>
    <property name="localRepository" value="/Users/lgianotti/.m2/repository"/>
    <property name="java.vendor.url.bug" value="https://github.com/corretto/corretto-8/issues/"/>
    <property name="java.io.tmpdir" value="/var/folders/f4/44yqf4hs0m5g0r2lnk8250c1rhhltx/T/"/>
    <property name="java.version" value="1.8.0_212"/>
    <property name="user.dir" value="/Users/lgianotti/Desktop/gesoc"/>
    <property name="os.arch" value="x86_64"/>
    <property name="java.vm.specification.name" value="Java Virtual Machine Specification"/>
    <property name="java.awt.printerjob" value="sun.lwawt.macosx.CPrinterJob"/>
    <property name="idea.version2019.1.2" value="true"/>
    <property name="sun.os.patch.level" value="unknown"/>
    <property name="java.library.path" value="/Users/lgianotti/Library/Java/Extensions:/Library/Java/Extensions:/Network/Library/Java/Extensions:/System/Library/Java/Extensions:/usr/lib/java:."/>
    <property name="java.vm.info" value="mixed mode"/>
    <property name="java.vendor" value="Amazon.com Inc."/>
    <property name="java.vm.version" value="25.212-b04"/>
    <property name="java.ext.dirs" value="/Users/lgianotti/Library/Java/Extensions:/Users/lgianotti/.sdkman/candidates/java/8.0.212-amzn/jre/lib/ext:/Library/Java/Extensions:/Network/Library/Java/Extensions:/System/Library/Java/Extensions:/usr/lib/java"/>
    <property name="sun.io.unicode.encoding" value="UnicodeBig"/>
    <property name="java.class.version" value="52.0"/>
    <property name="socksNonProxyHosts" value="local|*.local|169.254/16|*.169.254/16"/>
  </properties>
  <testcase name="shouldAnswerWithTrue" classname="com.gestiondatos.AppTest" time="0.002"/>
</testsuite>